20:29:07.164 [TRACE] i.g.h.e.r.DefaultStatsProcessor - 
>>>>>>>>>>>>>>>>>>>>>>>>>>
Request:
/webtours/: OK 
=========================
Session:
Session(mainScenario,1,1675358946921,Map(gatling.http.cache.baseUrl -> http://webtours.load-test.ru:1090, gatling.http.cache.dns -> io.gatling.http.cache.DnsCacheSupport$$anon$1@73e6b664, gatling.http.cache.contentCache -> io.gatling.core.util.cache.Cache@4510007, gatling.http.ssl.sslContexts -> SslContexts(io.netty.handler.ssl.OpenSslClientContext@124cd6e7,None), gatling.http.referer -> http://webtours.load-test.ru:1090/webtours/),0,OK,List(GroupBlock(List(open),1675358946923,52,OK)),io.gatling.core.protocol.ProtocolComponentsRegistry$$Lambda$536/0x00000008014695a0@3fc6286a)
=========================
HTTP request:
GET http://webtours.load-test.ru:1090/webtours/
headers=
Accept: text/html,application/xhtml+xml,application/xml;q=0.9,image/avif,image/webp,*/*;q=0.8
Accept-Language: en-US,en;q=0.5
accept-encoding: gzip, deflate
host: webtours.load-test.ru:1090
=========================
HTTP response:
status=
200 OK
headers= 
Date: Thu, 02 Feb 2023 17:29:10 GMT
Server: Apache/2.2.21 (Win32)
Last-Modified: Mon, 27 May 2013 12:20:22 GMT
ETag: "b000000021242-16e-4ddb22c2e6d80"
Accept-Ranges: bytes
Content-Length: 366
Content-Type: text/html

body=
<HTML>
<HEAD>
<title>Web Tours</title>
<frameset rows = "65,*" border="1" bordercolor="#E0E7F1">
<frame name="header" src="header.html" scrolling="no" noresize="noresize" marginheight="2" marginwidth="2"/>
<frame name="body" src="/cgi-bin/welcome.pl?signOff=true" scrolling="auto" noresize="noresize" marginheight="2" marginwidth="2" />
</frameset>
</HEAD>
</HTML>


<<<<<<<<<<<<<<<<<<<<<<<<<
20:29:07.257 [TRACE] i.g.h.e.r.DefaultStatsProcessor - 
>>>>>>>>>>>>>>>>>>>>>>>>>>
Request:
/cgi-bin/welcome.pl?signOff=true: OK 
=========================
Session:
Session(mainScenario,1,1675358946921,Map(gatling.http.cache.baseUrl -> http://webtours.load-test.ru:1090, gatling.http.cache.dns -> io.gatling.http.cache.DnsCacheSupport$$anon$1@73e6b664, gatling.http.cache.contentCache -> io.gatling.core.util.cache.Cache@4510007, gatling.http.ssl.sslContexts -> SslContexts(io.netty.handler.ssl.OpenSslClientContext@124cd6e7,None), gatling.http.referer -> http://webtours.load-test.ru:1090/cgi-bin/welcome.pl?signOff=true, gatling.http.cookies -> CookieJar(Map(CookieKey(mso,webtours.load-test.ru,/) -> StoredCookie(MSO=SID&1675358950, path=/,true,false,1675358947248)))),169,OK,List(GroupBlock(List(open),1675358946923,113,OK)),io.gatling.core.protocol.ProtocolComponentsRegistry$$Lambda$536/0x00000008014695a0@3fc6286a)
=========================
HTTP request:
GET http://webtours.load-test.ru:1090/cgi-bin/welcome.pl?signOff=true
headers=
Accept: text/html,application/xhtml+xml,application/xml;q=0.9,image/avif,image/webp,*/*;q=0.8
Accept-Language: en-US,en;q=0.5
Referer: http://webtours.load-test.ru:1090/webtours/
accept-encoding: gzip, deflate
host: webtours.load-test.ru:1090
=========================
HTTP response:
status=
200 OK
headers= 
Date: Thu, 02 Feb 2023 17:29:10 GMT
Server: Apache/2.2.21 (Win32)
Set-Cookie: MSO=SID&1675358950; path=/
Set-Cookie: MTUserInfo=; path=/; expires=Wed, 01-Feb-2023 17:29:10 GMT
Transfer-Encoding: chunked
Content-Type: text/html; charset=ISO-8859-1

body=
<!-- 
 A Session ID has been created and loaded into a cookie called MSO.
 Also, the server options have been loaded into the cookie called
 MSO as well.  The server options can be set via the Admin page.
 --->

<html>
<title>Web Tours</title>
   <!-- Frame Set -->
   <frameset cols="160,*" border="1" frameborder="1">
      <!-- Navigation Frame -->
      <frame src="nav.pl?in=home" name="navbar" marginheight="2" marginwidth="2" 
            noresize="noresize" scrolling="auto"/>
      <!-- Home Frame -->
      <frame src="/WebTours/home.html" name="info" marginheight="2" marginwidth="2" 
            noresize="noresize" scrolling="auto"/>
   </frameset>
</html>

</body>
</html>
<<<<<<<<<<<<<<<<<<<<<<<<<
20:29:07.379 [TRACE] i.g.h.e.r.DefaultStatsProcessor - 
>>>>>>>>>>>>>>>>>>>>>>>>>>
Request:
/cgi-bin/nav.pl?in=home: OK 
=========================
Session:
Session(mainScenario,1,1675358946921,Map(gatling.http.cache.baseUrl -> http://webtours.load-test.ru:1090, gatling.http.cache.dns -> io.gatling.http.cache.DnsCacheSupport$$anon$1@73e6b664, gatling.http.cache.contentCache -> io.gatling.core.util.cache.Cache@4510007, userSession -> 135711.53908465zQiAzzcpcQVzzzzHtViiDpQHDHf, gatling.http.ssl.sslContexts -> SslContexts(io.netty.handler.ssl.OpenSslClientContext@124cd6e7,None), gatling.http.referer -> http://webtours.load-test.ru:1090/cgi-bin/nav.pl?in=home, gatling.http.cookies -> CookieJar(Map(CookieKey(mso,webtours.load-test.ru,/) -> StoredCookie(MSO=SID&1675358950, path=/,true,false,1675358947248)))),194,OK,List(GroupBlock(List(open),1675358946923,202,OK)),io.gatling.core.protocol.ProtocolComponentsRegistry$$Lambda$536/0x00000008014695a0@3fc6286a)
=========================
HTTP request:
GET http://webtours.load-test.ru:1090/cgi-bin/nav.pl?in=home
headers=
Accept: text/html,application/xhtml+xml,application/xml;q=0.9,image/avif,image/webp,*/*;q=0.8
Accept-Language: en-US,en;q=0.5
Referer: http://webtours.load-test.ru:1090/cgi-bin/welcome.pl?signOff=true
accept-encoding: gzip, deflate
cookie: MSO=SID&1675358950
host: webtours.load-test.ru:1090
cookies=
MSO=SID&1675358950, path=/
=========================
HTTP response:
status=
200 OK
headers= 
Date: Thu, 02 Feb 2023 17:29:10 GMT
Server: Apache/2.2.21 (Win32)
Expires: Wed, 01 Feb 2023 17:29:10 GMT
Transfer-Encoding: chunked
Content-Type: text/html; charset=ISO-8859-1

body=
<!DOCTYPE html
	PUBLIC "-//W3C//DTD XHTML 1.0 Transitional//EN"
	 "http://www.w3.org/TR/xhtml1/DTD/xhtml1-transitional.dtd">
<html xmlns="http://www.w3.org/1999/xhtml" lang="en-US" xml:lang="en-US">
<head>
<title>Web Tours Navigation Bar</title>
<meta http-equiv="Content-Type" content="text/html; charset=iso-8859-1" />
</head>
<body bgcolor="#E0E7F1">
<style>
blockquote {font-family: tahoma; font-size : 10pt}
H1 {font-family: tahoma; font-size : 22pt; color: #993333}
H3 {font-family: tahoma; font-size : 10pt; color: black}
small {font-family: tahoma; font-size : 8pt}
</style>
<form method="post" action="/cgi-bin/login.pl" target="body">
<input type="hidden" name="userSession" value="135711.53908465zQiAzzcpcQVzzzzHtViiDpQHDHf"/>
<table border="0"><tr><td>&nbsp;</td>
<td>&nbsp;</td></tr>
<tr><td>&nbsp;</td>
<td>&nbsp;</td></tr>
<tr><td>&nbsp;</td>
<td><small>&nbsp;Username</small></td></tr>
<tr><td>&nbsp;</td>
<td><input type="text" name="username" value="" size="14" maxlength="14"/></td></tr>
<tr><td>&nbsp;</td>
<td><small>&nbsp;Password</small></td>
<tr><td>&nbsp;</td>
<td><input type="password" name="password" value="" size="14" maxlength="14"/></td></tr>
<tr><td>&nbsp;</td>
<td>&nbsp;</td></tr>
<tr><td>&nbsp;</td>
<td><input type="image" name="login" value="Login" alt="Login" border="1" 
src="/WebTours/images/mer_login.gif"/></td></tr>
<tr><td>&nbsp;</td><td>&nbsp;</td></tr>
</table><input type="hidden" name="JSFormSubmit" value="off"/>
</form>

</body>
</html>

<<<<<<<<<<<<<<<<<<<<<<<<<
20:29:07.611 [TRACE] i.g.h.e.r.DefaultStatsProcessor - 
>>>>>>>>>>>>>>>>>>>>>>>>>>
Request:
/cgi-bin/login.pl: OK 
=========================
Session:
Session(mainScenario,1,1675358946921,Map(gatling.http.cache.baseUrl -> http://webtours.load-test.ru:1090, gatling.http.cache.dns -> io.gatling.http.cache.DnsCacheSupport$$anon$1@73e6b664, gatling.http.cache.contentCache -> io.gatling.core.util.cache.Cache@4510007, userSession -> 135711.53908465zQiAzzcpcQVzzzzHtViiDpQHDHf, gatling.http.ssl.sslContexts -> SslContexts(io.netty.handler.ssl.OpenSslClientContext@124cd6e7,None), gatling.http.referer -> http://webtours.load-test.ru:1090/cgi-bin/login.pl, gatling.http.cookies -> CookieJar(Map(CookieKey(mso,webtours.load-test.ru,/) -> StoredCookie(MSO=SID&1675358950, path=/,true,false,1675358947248), CookieKey(mtuserinfo,webtours.load-test.ru,/) -> StoredCookie(MTUserInfo=firstName&Nikita&address2&54&username&niklogin&hash&78&lastName&Privalov%0A&address1&9%20jan&creditCard&&expDate&%0A, path=/,true,false,1675358947604)))),220,OK,List(GroupBlock(List(login),1675358947380,217,OK)),io.gatling.core.protocol.ProtocolComponentsRegistry$$Lambda$536/0x00000008014695a0@3fc6286a)
=========================
HTTP request:
POST http://webtours.load-test.ru:1090/cgi-bin/login.pl
headers=
Accept: text/html,application/xhtml+xml,application/xml;q=0.9,image/avif,image/webp,*/*;q=0.8
Accept-Language: en-US,en;q=0.5
Referer: http://webtours.load-test.ru:1090/cgi-bin/nav.pl?in=home
accept-encoding: gzip, deflate
cookie: MSO=SID&1675358950
origin: http://webtours.load-test.ru:1090
host: webtours.load-test.ru:1090
content-type: application/x-www-form-urlencoded
content-length: 132
cookies=
MSO=SID&1675358950, path=/
formBody=
userSession: 135711.53908465zQiAzzcpcQVzzzzHtViiDpQHDHf
username: niklogin
password: nikpassword
login.x: 19
login.y: 11
JSFormSubmit: off
=========================
HTTP response:
status=
200 OK
headers= 
Date: Thu, 02 Feb 2023 17:29:10 GMT
Server: Apache/2.2.21 (Win32)
Expires: 5s
Set-Cookie: MTUserInfo=firstName&Nikita&address2&54&username&niklogin&hash&78&lastName&Privalov%0A&address1&9%20jan&creditCard&&expDate&%0A; path=/
Transfer-Encoding: chunked
Content-Type: text/html; charset=ISO-8859-1

body=
<!--
User password was correct - added a cookie with the user's default
information.  Set the user up to make reservations...

--->

<html>
<title>Web Tours</title>
<frameset cols="160,*" border=1 frameborder=1>
<frame src="nav.pl?page=menu&in=home" name="navbar" marginheight="2" marginwidth="2" noresize="noresize" scrolling="auto"/>
<frame src="login.pl?intro=true" name="info" marginheight="2" marginwidth="2" noresize="noresize" scrolling="auto"/>
</frameset>

</body>
</html>
<<<<<<<<<<<<<<<<<<<<<<<<<
20:51:40.992 [TRACE] i.g.h.e.r.DefaultStatsProcessor - 
>>>>>>>>>>>>>>>>>>>>>>>>>>
Request:
/webtours/: OK 
=========================
Session:
Session(mainScenario,4,1675360300555,Map(gatling.http.cache.baseUrl -> http://webtours.load-test.ru:1090, gatling.http.cache.dns -> io.gatling.http.cache.DnsCacheSupport$$anon$1@22b70bfe, gatling.http.cache.contentCache -> io.gatling.core.util.cache.Cache@20cf7745, gatling.http.ssl.sslContexts -> SslContexts(io.netty.handler.ssl.OpenSslClientContext@20add696,None), gatling.http.referer -> http://webtours.load-test.ru:1090/webtours/, login -> jojo, password -> bear),0,OK,List(GroupBlock(List(open),1675360300586,343,OK)),io.gatling.core.protocol.ProtocolComponentsRegistry$$Lambda$550/0x000000080147d978@800404f)
=========================
HTTP request:
GET http://webtours.load-test.ru:1090/webtours/
headers=
Accept: text/html,application/xhtml+xml,application/xml;q=0.9,image/avif,image/webp,*/*;q=0.8
Accept-Language: en-US,en;q=0.5
accept-encoding: gzip, deflate
host: webtours.load-test.ru:1090
=========================
HTTP response:
status=
200 OK
headers= 
Date: Thu, 02 Feb 2023 17:51:44 GMT
Server: Apache/2.2.21 (Win32)
Last-Modified: Mon, 27 May 2013 12:20:22 GMT
ETag: "b000000021242-16e-4ddb22c2e6d80"
Accept-Ranges: bytes
Content-Length: 366
Content-Type: text/html

body=
<HTML>
<HEAD>
<title>Web Tours</title>
<frameset rows = "65,*" border="1" bordercolor="#E0E7F1">
<frame name="header" src="header.html" scrolling="no" noresize="noresize" marginheight="2" marginwidth="2"/>
<frame name="body" src="/cgi-bin/welcome.pl?signOff=true" scrolling="auto" noresize="noresize" marginheight="2" marginwidth="2" />
</frameset>
</HEAD>
</HTML>


<<<<<<<<<<<<<<<<<<<<<<<<<
20:51:40.992 [TRACE] i.g.h.e.r.DefaultStatsProcessor - 
>>>>>>>>>>>>>>>>>>>>>>>>>>
Request:
/webtours/: OK 
=========================
Session:
Session(mainScenario,3,1675360300554,Map(gatling.http.cache.baseUrl -> http://webtours.load-test.ru:1090, gatling.http.cache.dns -> io.gatling.http.cache.DnsCacheSupport$$anon$1@22b70bfe, gatling.http.cache.contentCache -> io.gatling.core.util.cache.Cache@669f7b5d, gatling.http.ssl.sslContexts -> SslContexts(io.netty.handler.ssl.OpenSslClientContext@ea45220,None), gatling.http.referer -> http://webtours.load-test.ru:1090/webtours/, login -> nicklogin, password -> nickpassword),0,OK,List(GroupBlock(List(open),1675360300585,344,OK)),io.gatling.core.protocol.ProtocolComponentsRegistry$$Lambda$550/0x000000080147d978@800404f)
=========================
HTTP request:
GET http://webtours.load-test.ru:1090/webtours/
headers=
Accept: text/html,application/xhtml+xml,application/xml;q=0.9,image/avif,image/webp,*/*;q=0.8
Accept-Language: en-US,en;q=0.5
accept-encoding: gzip, deflate
host: webtours.load-test.ru:1090
=========================
HTTP response:
status=
200 OK
headers= 
Date: Thu, 02 Feb 2023 17:51:44 GMT
Server: Apache/2.2.21 (Win32)
Last-Modified: Mon, 27 May 2013 12:20:22 GMT
ETag: "b000000021242-16e-4ddb22c2e6d80"
Accept-Ranges: bytes
Content-Length: 366
Content-Type: text/html

body=
<HTML>
<HEAD>
<title>Web Tours</title>
<frameset rows = "65,*" border="1" bordercolor="#E0E7F1">
<frame name="header" src="header.html" scrolling="no" noresize="noresize" marginheight="2" marginwidth="2"/>
<frame name="body" src="/cgi-bin/welcome.pl?signOff=true" scrolling="auto" noresize="noresize" marginheight="2" marginwidth="2" />
</frameset>
</HEAD>
</HTML>


<<<<<<<<<<<<<<<<<<<<<<<<<
20:51:40.992 [TRACE] i.g.h.e.r.DefaultStatsProcessor - 
>>>>>>>>>>>>>>>>>>>>>>>>>>
Request:
/webtours/: OK 
=========================
Session:
Session(mainScenario,1,1675360300548,Map(gatling.http.cache.baseUrl -> http://webtours.load-test.ru:1090, gatling.http.cache.dns -> io.gatling.http.cache.DnsCacheSupport$$anon$1@22b70bfe, gatling.http.cache.contentCache -> io.gatling.core.util.cache.Cache@35f9e460, gatling.http.ssl.sslContexts -> SslContexts(io.netty.handler.ssl.OpenSslClientContext@4451edd2,None), gatling.http.referer -> http://webtours.load-test.ru:1090/webtours/, login -> nicklogin, password -> nickpassword),0,OK,List(GroupBlock(List(open),1675360300559,346,OK)),io.gatling.core.protocol.ProtocolComponentsRegistry$$Lambda$550/0x000000080147d978@800404f)
=========================
HTTP request:
GET http://webtours.load-test.ru:1090/webtours/
headers=
Accept: text/html,application/xhtml+xml,application/xml;q=0.9,image/avif,image/webp,*/*;q=0.8
Accept-Language: en-US,en;q=0.5
accept-encoding: gzip, deflate
host: webtours.load-test.ru:1090
=========================
HTTP response:
status=
200 OK
headers= 
Date: Thu, 02 Feb 2023 17:51:44 GMT
Server: Apache/2.2.21 (Win32)
Last-Modified: Mon, 27 May 2013 12:20:22 GMT
ETag: "b000000021242-16e-4ddb22c2e6d80"
Accept-Ranges: bytes
Content-Length: 366
Content-Type: text/html

body=
<HTML>
<HEAD>
<title>Web Tours</title>
<frameset rows = "65,*" border="1" bordercolor="#E0E7F1">
<frame name="header" src="header.html" scrolling="no" noresize="noresize" marginheight="2" marginwidth="2"/>
<frame name="body" src="/cgi-bin/welcome.pl?signOff=true" scrolling="auto" noresize="noresize" marginheight="2" marginwidth="2" />
</frameset>
</HEAD>
</HTML>


<<<<<<<<<<<<<<<<<<<<<<<<<
20:51:40.992 [TRACE] i.g.h.e.r.DefaultStatsProcessor - 
>>>>>>>>>>>>>>>>>>>>>>>>>>
Request:
/webtours/: OK 
=========================
Session:
Session(mainScenario,5,1675360300555,Map(gatling.http.cache.baseUrl -> http://webtours.load-test.ru:1090, gatling.http.cache.dns -> io.gatling.http.cache.DnsCacheSupport$$anon$1@22b70bfe, gatling.http.cache.contentCache -> io.gatling.core.util.cache.Cache@85d5929, gatling.http.ssl.sslContexts -> SslContexts(io.netty.handler.ssl.OpenSslClientContext@42f943bf,None), gatling.http.referer -> http://webtours.load-test.ru:1090/webtours/, login -> nicklogin, password -> nickpassword),0,OK,List(GroupBlock(List(open),1675360300586,342,OK)),io.gatling.core.protocol.ProtocolComponentsRegistry$$Lambda$550/0x000000080147d978@800404f)
=========================
HTTP request:
GET http://webtours.load-test.ru:1090/webtours/
headers=
Accept: text/html,application/xhtml+xml,application/xml;q=0.9,image/avif,image/webp,*/*;q=0.8
Accept-Language: en-US,en;q=0.5
accept-encoding: gzip, deflate
host: webtours.load-test.ru:1090
=========================
HTTP response:
status=
200 OK
headers= 
Date: Thu, 02 Feb 2023 17:51:44 GMT
Server: Apache/2.2.21 (Win32)
Last-Modified: Mon, 27 May 2013 12:20:22 GMT
ETag: "b000000021242-16e-4ddb22c2e6d80"
Accept-Ranges: bytes
Content-Length: 366
Content-Type: text/html

body=
<HTML>
<HEAD>
<title>Web Tours</title>
<frameset rows = "65,*" border="1" bordercolor="#E0E7F1">
<frame name="header" src="header.html" scrolling="no" noresize="noresize" marginheight="2" marginwidth="2"/>
<frame name="body" src="/cgi-bin/welcome.pl?signOff=true" scrolling="auto" noresize="noresize" marginheight="2" marginwidth="2" />
</frameset>
</HEAD>
</HTML>


<<<<<<<<<<<<<<<<<<<<<<<<<
20:51:40.992 [TRACE] i.g.h.e.r.DefaultStatsProcessor - 
>>>>>>>>>>>>>>>>>>>>>>>>>>
Request:
/webtours/: OK 
=========================
Session:
Session(mainScenario,2,1675360300553,Map(gatling.http.cache.baseUrl -> http://webtours.load-test.ru:1090, gatling.http.cache.dns -> io.gatling.http.cache.DnsCacheSupport$$anon$1@22b70bfe, gatling.http.cache.contentCache -> io.gatling.core.util.cache.Cache@16ee14ca, gatling.http.ssl.sslContexts -> SslContexts(io.netty.handler.ssl.OpenSslClientContext@11513e20,None), gatling.http.referer -> http://webtours.load-test.ru:1090/webtours/, login -> jojo, password -> bear),0,OK,List(GroupBlock(List(open),1675360300584,344,OK)),io.gatling.core.protocol.ProtocolComponentsRegistry$$Lambda$550/0x000000080147d978@800404f)
=========================
HTTP request:
GET http://webtours.load-test.ru:1090/webtours/
headers=
Accept: text/html,application/xhtml+xml,application/xml;q=0.9,image/avif,image/webp,*/*;q=0.8
Accept-Language: en-US,en;q=0.5
accept-encoding: gzip, deflate
host: webtours.load-test.ru:1090
=========================
HTTP response:
status=
200 OK
headers= 
Date: Thu, 02 Feb 2023 17:51:44 GMT
Server: Apache/2.2.21 (Win32)
Last-Modified: Mon, 27 May 2013 12:20:22 GMT
ETag: "b000000021242-16e-4ddb22c2e6d80"
Accept-Ranges: bytes
Content-Length: 366
Content-Type: text/html

body=
<HTML>
<HEAD>
<title>Web Tours</title>
<frameset rows = "65,*" border="1" bordercolor="#E0E7F1">
<frame name="header" src="header.html" scrolling="no" noresize="noresize" marginheight="2" marginwidth="2"/>
<frame name="body" src="/cgi-bin/welcome.pl?signOff=true" scrolling="auto" noresize="noresize" marginheight="2" marginwidth="2" />
</frameset>
</HEAD>
</HTML>


<<<<<<<<<<<<<<<<<<<<<<<<<
20:51:41.639 [TRACE] i.g.h.e.r.DefaultStatsProcessor - 
>>>>>>>>>>>>>>>>>>>>>>>>>>
Request:
/cgi-bin/welcome.pl?signOff=true: OK 
=========================
Session:
Session(mainScenario,5,1675360300555,Map(gatling.http.cache.baseUrl -> http://webtours.load-test.ru:1090, gatling.http.cache.dns -> io.gatling.http.cache.DnsCacheSupport$$anon$1@22b70bfe, gatling.http.cache.contentCache -> io.gatling.core.util.cache.Cache@85d5929, gatling.http.ssl.sslContexts -> SslContexts(io.netty.handler.ssl.OpenSslClientContext@42f943bf,None), gatling.http.referer -> http://webtours.load-test.ru:1090/cgi-bin/welcome.pl?signOff=true, login -> nicklogin, gatling.http.cookies -> CookieJar(Map(CookieKey(mso,webtours.load-test.ru,/) -> StoredCookie(MSO=SID&1675360304, path=/,true,false,1675360301634))), password -> nickpassword),66,OK,List(GroupBlock(List(open),1675360300586,824,OK)),io.gatling.core.protocol.ProtocolComponentsRegistry$$Lambda$550/0x000000080147d978@800404f)
=========================
HTTP request:
GET http://webtours.load-test.ru:1090/cgi-bin/welcome.pl?signOff=true
headers=
Accept: text/html,application/xhtml+xml,application/xml;q=0.9,image/avif,image/webp,*/*;q=0.8
Accept-Language: en-US,en;q=0.5
Referer: http://webtours.load-test.ru:1090/webtours/
accept-encoding: gzip, deflate
host: webtours.load-test.ru:1090
=========================
HTTP response:
status=
200 OK
headers= 
Date: Thu, 02 Feb 2023 17:51:44 GMT
Server: Apache/2.2.21 (Win32)
Set-Cookie: MSO=SID&1675360304; path=/
Set-Cookie: MTUserInfo=; path=/; expires=Wed, 01-Feb-2023 17:51:44 GMT
Transfer-Encoding: chunked
Content-Type: text/html; charset=ISO-8859-1

body=
<!-- 
 A Session ID has been created and loaded into a cookie called MSO.
 Also, the server options have been loaded into the cookie called
 MSO as well.  The server options can be set via the Admin page.
 --->

<html>
<title>Web Tours</title>
   <!-- Frame Set -->
   <frameset cols="160,*" border="1" frameborder="1">
      <!-- Navigation Frame -->
      <frame src="nav.pl?in=home" name="navbar" marginheight="2" marginwidth="2" 
            noresize="noresize" scrolling="auto"/>
      <!-- Home Frame -->
      <frame src="/WebTours/home.html" name="info" marginheight="2" marginwidth="2" 
            noresize="noresize" scrolling="auto"/>
   </frameset>
</html>

</body>
</html>
<<<<<<<<<<<<<<<<<<<<<<<<<
20:51:41.639 [TRACE] i.g.h.e.r.DefaultStatsProcessor - 
>>>>>>>>>>>>>>>>>>>>>>>>>>
Request:
/cgi-bin/welcome.pl?signOff=true: OK 
=========================
Session:
Session(mainScenario,1,1675360300548,Map(gatling.http.cache.baseUrl -> http://webtours.load-test.ru:1090, gatling.http.cache.dns -> io.gatling.http.cache.DnsCacheSupport$$anon$1@22b70bfe, gatling.http.cache.contentCache -> io.gatling.core.util.cache.Cache@35f9e460, gatling.http.ssl.sslContexts -> SslContexts(io.netty.handler.ssl.OpenSslClientContext@4451edd2,None), gatling.http.referer -> http://webtours.load-test.ru:1090/cgi-bin/welcome.pl?signOff=true, login -> nicklogin, gatling.http.cookies -> CookieJar(Map(CookieKey(mso,webtours.load-test.ru,/) -> StoredCookie(MSO=SID&1675360304, path=/,true,false,1675360301634))), password -> nickpassword),66,OK,List(GroupBlock(List(open),1675360300559,827,OK)),io.gatling.core.protocol.ProtocolComponentsRegistry$$Lambda$550/0x000000080147d978@800404f)
=========================
HTTP request:
GET http://webtours.load-test.ru:1090/cgi-bin/welcome.pl?signOff=true
headers=
Accept: text/html,application/xhtml+xml,application/xml;q=0.9,image/avif,image/webp,*/*;q=0.8
Accept-Language: en-US,en;q=0.5
Referer: http://webtours.load-test.ru:1090/webtours/
accept-encoding: gzip, deflate
host: webtours.load-test.ru:1090
=========================
HTTP response:
status=
200 OK
headers= 
Date: Thu, 02 Feb 2023 17:51:44 GMT
Server: Apache/2.2.21 (Win32)
Set-Cookie: MSO=SID&1675360304; path=/
Set-Cookie: MTUserInfo=; path=/; expires=Wed, 01-Feb-2023 17:51:44 GMT
Transfer-Encoding: chunked
Content-Type: text/html; charset=ISO-8859-1

body=
<!-- 
 A Session ID has been created and loaded into a cookie called MSO.
 Also, the server options have been loaded into the cookie called
 MSO as well.  The server options can be set via the Admin page.
 --->

<html>
<title>Web Tours</title>
   <!-- Frame Set -->
   <frameset cols="160,*" border="1" frameborder="1">
      <!-- Navigation Frame -->
      <frame src="nav.pl?in=home" name="navbar" marginheight="2" marginwidth="2" 
            noresize="noresize" scrolling="auto"/>
      <!-- Home Frame -->
      <frame src="/WebTours/home.html" name="info" marginheight="2" marginwidth="2" 
            noresize="noresize" scrolling="auto"/>
   </frameset>
</html>

</body>
</html>
<<<<<<<<<<<<<<<<<<<<<<<<<
20:51:41.639 [TRACE] i.g.h.e.r.DefaultStatsProcessor - 
>>>>>>>>>>>>>>>>>>>>>>>>>>
Request:
/cgi-bin/welcome.pl?signOff=true: OK 
=========================
Session:
Session(mainScenario,2,1675360300553,Map(gatling.http.cache.baseUrl -> http://webtours.load-test.ru:1090, gatling.http.cache.dns -> io.gatling.http.cache.DnsCacheSupport$$anon$1@22b70bfe, gatling.http.cache.contentCache -> io.gatling.core.util.cache.Cache@16ee14ca, gatling.http.ssl.sslContexts -> SslContexts(io.netty.handler.ssl.OpenSslClientContext@11513e20,None), gatling.http.referer -> http://webtours.load-test.ru:1090/cgi-bin/welcome.pl?signOff=true, login -> jojo, gatling.http.cookies -> CookieJar(Map(CookieKey(mso,webtours.load-test.ru,/) -> StoredCookie(MSO=SID&1675360304, path=/,true,false,1675360301634))), password -> bear),66,OK,List(GroupBlock(List(open),1675360300584,911,OK)),io.gatling.core.protocol.ProtocolComponentsRegistry$$Lambda$550/0x000000080147d978@800404f)
=========================
HTTP request:
GET http://webtours.load-test.ru:1090/cgi-bin/welcome.pl?signOff=true
headers=
Accept: text/html,application/xhtml+xml,application/xml;q=0.9,image/avif,image/webp,*/*;q=0.8
Accept-Language: en-US,en;q=0.5
Referer: http://webtours.load-test.ru:1090/webtours/
accept-encoding: gzip, deflate
host: webtours.load-test.ru:1090
=========================
HTTP response:
status=
200 OK
headers= 
Date: Thu, 02 Feb 2023 17:51:44 GMT
Server: Apache/2.2.21 (Win32)
Set-Cookie: MSO=SID&1675360304; path=/
Set-Cookie: MTUserInfo=; path=/; expires=Wed, 01-Feb-2023 17:51:44 GMT
Transfer-Encoding: chunked
Content-Type: text/html; charset=ISO-8859-1

body=
<!-- 
 A Session ID has been created and loaded into a cookie called MSO.
 Also, the server options have been loaded into the cookie called
 MSO as well.  The server options can be set via the Admin page.
 --->

<html>
<title>Web Tours</title>
   <!-- Frame Set -->
   <frameset cols="160,*" border="1" frameborder="1">
      <!-- Navigation Frame -->
      <frame src="nav.pl?in=home" name="navbar" marginheight="2" marginwidth="2" 
            noresize="noresize" scrolling="auto"/>
      <!-- Home Frame -->
      <frame src="/WebTours/home.html" name="info" marginheight="2" marginwidth="2" 
            noresize="noresize" scrolling="auto"/>
   </frameset>
</html>

</body>
</html>
<<<<<<<<<<<<<<<<<<<<<<<<<
20:51:41.639 [TRACE] i.g.h.e.r.DefaultStatsProcessor - 
>>>>>>>>>>>>>>>>>>>>>>>>>>
Request:
/cgi-bin/welcome.pl?signOff=true: OK 
=========================
Session:
Session(mainScenario,3,1675360300554,Map(gatling.http.cache.baseUrl -> http://webtours.load-test.ru:1090, gatling.http.cache.dns -> io.gatling.http.cache.DnsCacheSupport$$anon$1@22b70bfe, gatling.http.cache.contentCache -> io.gatling.core.util.cache.Cache@669f7b5d, gatling.http.ssl.sslContexts -> SslContexts(io.netty.handler.ssl.OpenSslClientContext@ea45220,None), gatling.http.referer -> http://webtours.load-test.ru:1090/cgi-bin/welcome.pl?signOff=true, login -> nicklogin, gatling.http.cookies -> CookieJar(Map(CookieKey(mso,webtours.load-test.ru,/) -> StoredCookie(MSO=SID&1675360304, path=/,true,false,1675360301634))), password -> nickpassword),66,OK,List(GroupBlock(List(open),1675360300585,826,OK)),io.gatling.core.protocol.ProtocolComponentsRegistry$$Lambda$550/0x000000080147d978@800404f)
=========================
HTTP request:
GET http://webtours.load-test.ru:1090/cgi-bin/welcome.pl?signOff=true
headers=
Accept: text/html,application/xhtml+xml,application/xml;q=0.9,image/avif,image/webp,*/*;q=0.8
Accept-Language: en-US,en;q=0.5
Referer: http://webtours.load-test.ru:1090/webtours/
accept-encoding: gzip, deflate
host: webtours.load-test.ru:1090
=========================
HTTP response:
status=
200 OK
headers= 
Date: Thu, 02 Feb 2023 17:51:44 GMT
Server: Apache/2.2.21 (Win32)
Set-Cookie: MSO=SID&1675360304; path=/
Set-Cookie: MTUserInfo=; path=/; expires=Wed, 01-Feb-2023 17:51:44 GMT
Transfer-Encoding: chunked
Content-Type: text/html; charset=ISO-8859-1

body=
<!-- 
 A Session ID has been created and loaded into a cookie called MSO.
 Also, the server options have been loaded into the cookie called
 MSO as well.  The server options can be set via the Admin page.
 --->

<html>
<title>Web Tours</title>
   <!-- Frame Set -->
   <frameset cols="160,*" border="1" frameborder="1">
      <!-- Navigation Frame -->
      <frame src="nav.pl?in=home" name="navbar" marginheight="2" marginwidth="2" 
            noresize="noresize" scrolling="auto"/>
      <!-- Home Frame -->
      <frame src="/WebTours/home.html" name="info" marginheight="2" marginwidth="2" 
            noresize="noresize" scrolling="auto"/>
   </frameset>
</html>

</body>
</html>
<<<<<<<<<<<<<<<<<<<<<<<<<
20:51:41.639 [TRACE] i.g.h.e.r.DefaultStatsProcessor - 
>>>>>>>>>>>>>>>>>>>>>>>>>>
Request:
/cgi-bin/welcome.pl?signOff=true: OK 
=========================
Session:
Session(mainScenario,4,1675360300555,Map(gatling.http.cache.baseUrl -> http://webtours.load-test.ru:1090, gatling.http.cache.dns -> io.gatling.http.cache.DnsCacheSupport$$anon$1@22b70bfe, gatling.http.cache.contentCache -> io.gatling.core.util.cache.Cache@20cf7745, gatling.http.ssl.sslContexts -> SslContexts(io.netty.handler.ssl.OpenSslClientContext@20add696,None), gatling.http.referer -> http://webtours.load-test.ru:1090/cgi-bin/welcome.pl?signOff=true, login -> jojo, gatling.http.cookies -> CookieJar(Map(CookieKey(mso,webtours.load-test.ru,/) -> StoredCookie(MSO=SID&1675360304, path=/,true,false,1675360301634))), password -> bear),66,OK,List(GroupBlock(List(open),1675360300586,971,OK)),io.gatling.core.protocol.ProtocolComponentsRegistry$$Lambda$550/0x000000080147d978@800404f)
=========================
HTTP request:
GET http://webtours.load-test.ru:1090/cgi-bin/welcome.pl?signOff=true
headers=
Accept: text/html,application/xhtml+xml,application/xml;q=0.9,image/avif,image/webp,*/*;q=0.8
Accept-Language: en-US,en;q=0.5
Referer: http://webtours.load-test.ru:1090/webtours/
accept-encoding: gzip, deflate
host: webtours.load-test.ru:1090
=========================
HTTP response:
status=
200 OK
headers= 
Date: Thu, 02 Feb 2023 17:51:44 GMT
Server: Apache/2.2.21 (Win32)
Set-Cookie: MSO=SID&1675360304; path=/
Set-Cookie: MTUserInfo=; path=/; expires=Wed, 01-Feb-2023 17:51:44 GMT
Transfer-Encoding: chunked
Content-Type: text/html; charset=ISO-8859-1

body=
<!-- 
 A Session ID has been created and loaded into a cookie called MSO.
 Also, the server options have been loaded into the cookie called
 MSO as well.  The server options can be set via the Admin page.
 --->

<html>
<title>Web Tours</title>
   <!-- Frame Set -->
   <frameset cols="160,*" border="1" frameborder="1">
      <!-- Navigation Frame -->
      <frame src="nav.pl?in=home" name="navbar" marginheight="2" marginwidth="2" 
            noresize="noresize" scrolling="auto"/>
      <!-- Home Frame -->
      <frame src="/WebTours/home.html" name="info" marginheight="2" marginwidth="2" 
            noresize="noresize" scrolling="auto"/>
   </frameset>
</html>

</body>
</html>
<<<<<<<<<<<<<<<<<<<<<<<<<
20:51:42.374 [TRACE] i.g.h.e.r.DefaultStatsProcessor - 
>>>>>>>>>>>>>>>>>>>>>>>>>>
Request:
/cgi-bin/nav.pl?in=home: OK 
=========================
Session:
Session(mainScenario,1,1675360300548,Map(gatling.http.cache.baseUrl -> http://webtours.load-test.ru:1090, gatling.http.cache.dns -> io.gatling.http.cache.DnsCacheSupport$$anon$1@22b70bfe, gatling.http.cache.contentCache -> io.gatling.core.util.cache.Cache@35f9e460, userSession -> 135711.648764682zQiAzzHpQDDDDDDDtViitpAAHz, gatling.http.ssl.sslContexts -> SslContexts(io.netty.handler.ssl.OpenSslClientContext@4451edd2,None), gatling.http.referer -> http://webtours.load-test.ru:1090/cgi-bin/nav.pl?in=home, login -> nicklogin, gatling.http.cookies -> CookieJar(Map(CookieKey(mso,webtours.load-test.ru,/) -> StoredCookie(MSO=SID&1675360304, path=/,true,false,1675360301634))), password -> nickpassword),224,OK,List(GroupBlock(List(open),1675360300559,1369,OK)),io.gatling.core.protocol.ProtocolComponentsRegistry$$Lambda$550/0x000000080147d978@800404f)
=========================
HTTP request:
GET http://webtours.load-test.ru:1090/cgi-bin/nav.pl?in=home
headers=
Accept: text/html,application/xhtml+xml,application/xml;q=0.9,image/avif,image/webp,*/*;q=0.8
Accept-Language: en-US,en;q=0.5
Referer: http://webtours.load-test.ru:1090/cgi-bin/welcome.pl?signOff=true
accept-encoding: gzip, deflate
cookie: MSO=SID&1675360304
host: webtours.load-test.ru:1090
cookies=
MSO=SID&1675360304, path=/
=========================
HTTP response:
status=
200 OK
headers= 
Date: Thu, 02 Feb 2023 17:51:45 GMT
Server: Apache/2.2.21 (Win32)
Expires: Wed, 01 Feb 2023 17:51:45 GMT
Transfer-Encoding: chunked
Content-Type: text/html; charset=ISO-8859-1

body=
<!DOCTYPE html
	PUBLIC "-//W3C//DTD XHTML 1.0 Transitional//EN"
	 "http://www.w3.org/TR/xhtml1/DTD/xhtml1-transitional.dtd">
<html xmlns="http://www.w3.org/1999/xhtml" lang="en-US" xml:lang="en-US">
<head>
<title>Web Tours Navigation Bar</title>
<meta http-equiv="Content-Type" content="text/html; charset=iso-8859-1" />
</head>
<body bgcolor="#E0E7F1">
<style>
blockquote {font-family: tahoma; font-size : 10pt}
H1 {font-family: tahoma; font-size : 22pt; color: #993333}
H3 {font-family: tahoma; font-size : 10pt; color: black}
small {font-family: tahoma; font-size : 8pt}
</style>
<form method="post" action="/cgi-bin/login.pl" target="body">
<input type="hidden" name="userSession" value="135711.648764682zQiAzzHpQDDDDDDDtViitpAAHz"/>
<table border="0"><tr><td>&nbsp;</td>
<td>&nbsp;</td></tr>
<tr><td>&nbsp;</td>
<td>&nbsp;</td></tr>
<tr><td>&nbsp;</td>
<td><small>&nbsp;Username</small></td></tr>
<tr><td>&nbsp;</td>
<td><input type="text" name="username" value="" size="14" maxlength="14"/></td></tr>
<tr><td>&nbsp;</td>
<td><small>&nbsp;Password</small></td>
<tr><td>&nbsp;</td>
<td><input type="password" name="password" value="" size="14" maxlength="14"/></td></tr>
<tr><td>&nbsp;</td>
<td>&nbsp;</td></tr>
<tr><td>&nbsp;</td>
<td><input type="image" name="login" value="Login" alt="Login" border="1" 
src="/WebTours/images/mer_login.gif"/></td></tr>
<tr><td>&nbsp;</td><td>&nbsp;</td></tr>
</table><input type="hidden" name="JSFormSubmit" value="off"/>
</form>

</body>
</html>

<<<<<<<<<<<<<<<<<<<<<<<<<
20:51:42.374 [TRACE] i.g.h.e.r.DefaultStatsProcessor - 
>>>>>>>>>>>>>>>>>>>>>>>>>>
Request:
/cgi-bin/nav.pl?in=home: OK 
=========================
Session:
Session(mainScenario,2,1675360300553,Map(gatling.http.cache.baseUrl -> http://webtours.load-test.ru:1090, gatling.http.cache.dns -> io.gatling.http.cache.DnsCacheSupport$$anon$1@22b70bfe, gatling.http.cache.contentCache -> io.gatling.core.util.cache.Cache@16ee14ca, userSession -> 135711.648764682zQiAzzHpQDDDDDDDtViitpAAHz, gatling.http.ssl.sslContexts -> SslContexts(io.netty.handler.ssl.OpenSslClientContext@11513e20,None), gatling.http.referer -> http://webtours.load-test.ru:1090/cgi-bin/nav.pl?in=home, login -> jojo, gatling.http.cookies -> CookieJar(Map(CookieKey(mso,webtours.load-test.ru,/) -> StoredCookie(MSO=SID&1675360304, path=/,true,false,1675360301634))), password -> bear),138,OK,List(GroupBlock(List(open),1675360300584,1452,OK)),io.gatling.core.protocol.ProtocolComponentsRegistry$$Lambda$550/0x000000080147d978@800404f)
=========================
HTTP request:
GET http://webtours.load-test.ru:1090/cgi-bin/nav.pl?in=home
headers=
Accept: text/html,application/xhtml+xml,application/xml;q=0.9,image/avif,image/webp,*/*;q=0.8
Accept-Language: en-US,en;q=0.5
Referer: http://webtours.load-test.ru:1090/cgi-bin/welcome.pl?signOff=true
accept-encoding: gzip, deflate
cookie: MSO=SID&1675360304
host: webtours.load-test.ru:1090
cookies=
MSO=SID&1675360304, path=/
=========================
HTTP response:
status=
200 OK
headers= 
Date: Thu, 02 Feb 2023 17:51:45 GMT
Server: Apache/2.2.21 (Win32)
Expires: Wed, 01 Feb 2023 17:51:45 GMT
Transfer-Encoding: chunked
Content-Type: text/html; charset=ISO-8859-1

body=
<!DOCTYPE html
	PUBLIC "-//W3C//DTD XHTML 1.0 Transitional//EN"
	 "http://www.w3.org/TR/xhtml1/DTD/xhtml1-transitional.dtd">
<html xmlns="http://www.w3.org/1999/xhtml" lang="en-US" xml:lang="en-US">
<head>
<title>Web Tours Navigation Bar</title>
<meta http-equiv="Content-Type" content="text/html; charset=iso-8859-1" />
</head>
<body bgcolor="#E0E7F1">
<style>
blockquote {font-family: tahoma; font-size : 10pt}
H1 {font-family: tahoma; font-size : 22pt; color: #993333}
H3 {font-family: tahoma; font-size : 10pt; color: black}
small {font-family: tahoma; font-size : 8pt}
</style>
<form method="post" action="/cgi-bin/login.pl" target="body">
<input type="hidden" name="userSession" value="135711.648764682zQiAzzHpQDDDDDDDtViitpAAHz"/>
<table border="0"><tr><td>&nbsp;</td>
<td>&nbsp;</td></tr>
<tr><td>&nbsp;</td>
<td>&nbsp;</td></tr>
<tr><td>&nbsp;</td>
<td><small>&nbsp;Username</small></td></tr>
<tr><td>&nbsp;</td>
<td><input type="text" name="username" value="" size="14" maxlength="14"/></td></tr>
<tr><td>&nbsp;</td>
<td><small>&nbsp;Password</small></td>
<tr><td>&nbsp;</td>
<td><input type="password" name="password" value="" size="14" maxlength="14"/></td></tr>
<tr><td>&nbsp;</td>
<td>&nbsp;</td></tr>
<tr><td>&nbsp;</td>
<td><input type="image" name="login" value="Login" alt="Login" border="1" 
src="/WebTours/images/mer_login.gif"/></td></tr>
<tr><td>&nbsp;</td><td>&nbsp;</td></tr>
</table><input type="hidden" name="JSFormSubmit" value="off"/>
</form>

</body>
</html>

<<<<<<<<<<<<<<<<<<<<<<<<<
20:51:42.374 [TRACE] i.g.h.e.r.DefaultStatsProcessor - 
>>>>>>>>>>>>>>>>>>>>>>>>>>
Request:
/cgi-bin/nav.pl?in=home: OK 
=========================
Session:
Session(mainScenario,4,1675360300555,Map(gatling.http.cache.baseUrl -> http://webtours.load-test.ru:1090, gatling.http.cache.dns -> io.gatling.http.cache.DnsCacheSupport$$anon$1@22b70bfe, gatling.http.cache.contentCache -> io.gatling.core.util.cache.Cache@20cf7745, userSession -> 135711.648764682zQiAzzHpQDDDDDDDtViitpAAHz, gatling.http.ssl.sslContexts -> SslContexts(io.netty.handler.ssl.OpenSslClientContext@20add696,None), gatling.http.referer -> http://webtours.load-test.ru:1090/cgi-bin/nav.pl?in=home, login -> jojo, gatling.http.cookies -> CookieJar(Map(CookieKey(mso,webtours.load-test.ru,/) -> StoredCookie(MSO=SID&1675360304, path=/,true,false,1675360301634))), password -> bear),77,OK,List(GroupBlock(List(open),1675360300586,1588,OK)),io.gatling.core.protocol.ProtocolComponentsRegistry$$Lambda$550/0x000000080147d978@800404f)
=========================
HTTP request:
GET http://webtours.load-test.ru:1090/cgi-bin/nav.pl?in=home
headers=
Accept: text/html,application/xhtml+xml,application/xml;q=0.9,image/avif,image/webp,*/*;q=0.8
Accept-Language: en-US,en;q=0.5
Referer: http://webtours.load-test.ru:1090/cgi-bin/welcome.pl?signOff=true
accept-encoding: gzip, deflate
cookie: MSO=SID&1675360304
host: webtours.load-test.ru:1090
cookies=
MSO=SID&1675360304, path=/
=========================
HTTP response:
status=
200 OK
headers= 
Date: Thu, 02 Feb 2023 17:51:45 GMT
Server: Apache/2.2.21 (Win32)
Expires: Wed, 01 Feb 2023 17:51:45 GMT
Transfer-Encoding: chunked
Content-Type: text/html; charset=ISO-8859-1

body=
<!DOCTYPE html
	PUBLIC "-//W3C//DTD XHTML 1.0 Transitional//EN"
	 "http://www.w3.org/TR/xhtml1/DTD/xhtml1-transitional.dtd">
<html xmlns="http://www.w3.org/1999/xhtml" lang="en-US" xml:lang="en-US">
<head>
<title>Web Tours Navigation Bar</title>
<meta http-equiv="Content-Type" content="text/html; charset=iso-8859-1" />
</head>
<body bgcolor="#E0E7F1">
<style>
blockquote {font-family: tahoma; font-size : 10pt}
H1 {font-family: tahoma; font-size : 22pt; color: #993333}
H3 {font-family: tahoma; font-size : 10pt; color: black}
small {font-family: tahoma; font-size : 8pt}
</style>
<form method="post" action="/cgi-bin/login.pl" target="body">
<input type="hidden" name="userSession" value="135711.648764682zQiAzzHpQDDDDDDDtViitpAAHz"/>
<table border="0"><tr><td>&nbsp;</td>
<td>&nbsp;</td></tr>
<tr><td>&nbsp;</td>
<td>&nbsp;</td></tr>
<tr><td>&nbsp;</td>
<td><small>&nbsp;Username</small></td></tr>
<tr><td>&nbsp;</td>
<td><input type="text" name="username" value="" size="14" maxlength="14"/></td></tr>
<tr><td>&nbsp;</td>
<td><small>&nbsp;Password</small></td>
<tr><td>&nbsp;</td>
<td><input type="password" name="password" value="" size="14" maxlength="14"/></td></tr>
<tr><td>&nbsp;</td>
<td>&nbsp;</td></tr>
<tr><td>&nbsp;</td>
<td><input type="image" name="login" value="Login" alt="Login" border="1" 
src="/WebTours/images/mer_login.gif"/></td></tr>
<tr><td>&nbsp;</td><td>&nbsp;</td></tr>
</table><input type="hidden" name="JSFormSubmit" value="off"/>
</form>

</body>
</html>

<<<<<<<<<<<<<<<<<<<<<<<<<
20:51:42.374 [TRACE] i.g.h.e.r.DefaultStatsProcessor - 
>>>>>>>>>>>>>>>>>>>>>>>>>>
Request:
/cgi-bin/nav.pl?in=home: OK 
=========================
Session:
Session(mainScenario,3,1675360300554,Map(gatling.http.cache.baseUrl -> http://webtours.load-test.ru:1090, gatling.http.cache.dns -> io.gatling.http.cache.DnsCacheSupport$$anon$1@22b70bfe, gatling.http.cache.contentCache -> io.gatling.core.util.cache.Cache@669f7b5d, userSession -> 135711.648764682zQiAzzHpQDDDDDDDtViitpAAHz, gatling.http.ssl.sslContexts -> SslContexts(io.netty.handler.ssl.OpenSslClientContext@ea45220,None), gatling.http.referer -> http://webtours.load-test.ru:1090/cgi-bin/nav.pl?in=home, login -> nicklogin, gatling.http.cookies -> CookieJar(Map(CookieKey(mso,webtours.load-test.ru,/) -> StoredCookie(MSO=SID&1675360304, path=/,true,false,1675360301634))), password -> nickpassword),223,OK,List(GroupBlock(List(open),1675360300585,1443,OK)),io.gatling.core.protocol.ProtocolComponentsRegistry$$Lambda$550/0x000000080147d978@800404f)
=========================
HTTP request:
GET http://webtours.load-test.ru:1090/cgi-bin/nav.pl?in=home
headers=
Accept: text/html,application/xhtml+xml,application/xml;q=0.9,image/avif,image/webp,*/*;q=0.8
Accept-Language: en-US,en;q=0.5
Referer: http://webtours.load-test.ru:1090/cgi-bin/welcome.pl?signOff=true
accept-encoding: gzip, deflate
cookie: MSO=SID&1675360304
host: webtours.load-test.ru:1090
cookies=
MSO=SID&1675360304, path=/
=========================
HTTP response:
status=
200 OK
headers= 
Date: Thu, 02 Feb 2023 17:51:45 GMT
Server: Apache/2.2.21 (Win32)
Expires: Wed, 01 Feb 2023 17:51:45 GMT
Transfer-Encoding: chunked
Content-Type: text/html; charset=ISO-8859-1

body=
<!DOCTYPE html
	PUBLIC "-//W3C//DTD XHTML 1.0 Transitional//EN"
	 "http://www.w3.org/TR/xhtml1/DTD/xhtml1-transitional.dtd">
<html xmlns="http://www.w3.org/1999/xhtml" lang="en-US" xml:lang="en-US">
<head>
<title>Web Tours Navigation Bar</title>
<meta http-equiv="Content-Type" content="text/html; charset=iso-8859-1" />
</head>
<body bgcolor="#E0E7F1">
<style>
blockquote {font-family: tahoma; font-size : 10pt}
H1 {font-family: tahoma; font-size : 22pt; color: #993333}
H3 {font-family: tahoma; font-size : 10pt; color: black}
small {font-family: tahoma; font-size : 8pt}
</style>
<form method="post" action="/cgi-bin/login.pl" target="body">
<input type="hidden" name="userSession" value="135711.648764682zQiAzzHpQDDDDDDDtViitpAAHz"/>
<table border="0"><tr><td>&nbsp;</td>
<td>&nbsp;</td></tr>
<tr><td>&nbsp;</td>
<td>&nbsp;</td></tr>
<tr><td>&nbsp;</td>
<td><small>&nbsp;Username</small></td></tr>
<tr><td>&nbsp;</td>
<td><input type="text" name="username" value="" size="14" maxlength="14"/></td></tr>
<tr><td>&nbsp;</td>
<td><small>&nbsp;Password</small></td>
<tr><td>&nbsp;</td>
<td><input type="password" name="password" value="" size="14" maxlength="14"/></td></tr>
<tr><td>&nbsp;</td>
<td>&nbsp;</td></tr>
<tr><td>&nbsp;</td>
<td><input type="image" name="login" value="Login" alt="Login" border="1" 
src="/WebTours/images/mer_login.gif"/></td></tr>
<tr><td>&nbsp;</td><td>&nbsp;</td></tr>
</table><input type="hidden" name="JSFormSubmit" value="off"/>
</form>

</body>
</html>

<<<<<<<<<<<<<<<<<<<<<<<<<
20:51:42.374 [TRACE] i.g.h.e.r.DefaultStatsProcessor - 
>>>>>>>>>>>>>>>>>>>>>>>>>>
Request:
/cgi-bin/nav.pl?in=home: OK 
=========================
Session:
Session(mainScenario,5,1675360300555,Map(gatling.http.cache.baseUrl -> http://webtours.load-test.ru:1090, gatling.http.cache.dns -> io.gatling.http.cache.DnsCacheSupport$$anon$1@22b70bfe, gatling.http.cache.contentCache -> io.gatling.core.util.cache.Cache@85d5929, userSession -> 135711.648764682zQiAzzHpQDDDDDDDtViitpAAHz, gatling.http.ssl.sslContexts -> SslContexts(io.netty.handler.ssl.OpenSslClientContext@42f943bf,None), gatling.http.referer -> http://webtours.load-test.ru:1090/cgi-bin/nav.pl?in=home, login -> nicklogin, gatling.http.cookies -> CookieJar(Map(CookieKey(mso,webtours.load-test.ru,/) -> StoredCookie(MSO=SID&1675360304, path=/,true,false,1675360301634))), password -> nickpassword),223,OK,List(GroupBlock(List(open),1675360300586,1365,OK)),io.gatling.core.protocol.ProtocolComponentsRegistry$$Lambda$550/0x000000080147d978@800404f)
=========================
HTTP request:
GET http://webtours.load-test.ru:1090/cgi-bin/nav.pl?in=home
headers=
Accept: text/html,application/xhtml+xml,application/xml;q=0.9,image/avif,image/webp,*/*;q=0.8
Accept-Language: en-US,en;q=0.5
Referer: http://webtours.load-test.ru:1090/cgi-bin/welcome.pl?signOff=true
accept-encoding: gzip, deflate
cookie: MSO=SID&1675360304
host: webtours.load-test.ru:1090
cookies=
MSO=SID&1675360304, path=/
=========================
HTTP response:
status=
200 OK
headers= 
Date: Thu, 02 Feb 2023 17:51:45 GMT
Server: Apache/2.2.21 (Win32)
Expires: Wed, 01 Feb 2023 17:51:45 GMT
Transfer-Encoding: chunked
Content-Type: text/html; charset=ISO-8859-1

body=
<!DOCTYPE html
	PUBLIC "-//W3C//DTD XHTML 1.0 Transitional//EN"
	 "http://www.w3.org/TR/xhtml1/DTD/xhtml1-transitional.dtd">
<html xmlns="http://www.w3.org/1999/xhtml" lang="en-US" xml:lang="en-US">
<head>
<title>Web Tours Navigation Bar</title>
<meta http-equiv="Content-Type" content="text/html; charset=iso-8859-1" />
</head>
<body bgcolor="#E0E7F1">
<style>
blockquote {font-family: tahoma; font-size : 10pt}
H1 {font-family: tahoma; font-size : 22pt; color: #993333}
H3 {font-family: tahoma; font-size : 10pt; color: black}
small {font-family: tahoma; font-size : 8pt}
</style>
<form method="post" action="/cgi-bin/login.pl" target="body">
<input type="hidden" name="userSession" value="135711.648764682zQiAzzHpQDDDDDDDtViitpAAHz"/>
<table border="0"><tr><td>&nbsp;</td>
<td>&nbsp;</td></tr>
<tr><td>&nbsp;</td>
<td>&nbsp;</td></tr>
<tr><td>&nbsp;</td>
<td><small>&nbsp;Username</small></td></tr>
<tr><td>&nbsp;</td>
<td><input type="text" name="username" value="" size="14" maxlength="14"/></td></tr>
<tr><td>&nbsp;</td>
<td><small>&nbsp;Password</small></td>
<tr><td>&nbsp;</td>
<td><input type="password" name="password" value="" size="14" maxlength="14"/></td></tr>
<tr><td>&nbsp;</td>
<td>&nbsp;</td></tr>
<tr><td>&nbsp;</td>
<td><input type="image" name="login" value="Login" alt="Login" border="1" 
src="/WebTours/images/mer_login.gif"/></td></tr>
<tr><td>&nbsp;</td><td>&nbsp;</td></tr>
</table><input type="hidden" name="JSFormSubmit" value="off"/>
</form>

</body>
</html>

<<<<<<<<<<<<<<<<<<<<<<<<<
20:51:43.362 [TRACE] i.g.h.e.r.DefaultStatsProcessor - 
>>>>>>>>>>>>>>>>>>>>>>>>>>
Request:
/cgi-bin/login.pl: OK 
=========================
Session:
Session(mainScenario,4,1675360300555,Map(gatling.http.cache.baseUrl -> http://webtours.load-test.ru:1090, gatling.http.cache.dns -> io.gatling.http.cache.DnsCacheSupport$$anon$1@22b70bfe, gatling.http.cache.contentCache -> io.gatling.core.util.cache.Cache@20cf7745, userSession -> 135711.648764682zQiAzzHpQDDDDDDDtViitpAAHz, gatling.http.ssl.sslContexts -> SslContexts(io.netty.handler.ssl.OpenSslClientContext@20add696,None), gatling.http.referer -> http://webtours.load-test.ru:1090/cgi-bin/login.pl, login -> jojo, gatling.http.cookies -> CookieJar(Map(CookieKey(mso,webtours.load-test.ru,/) -> StoredCookie(MSO=SID&1675360304, path=/,true,false,1675360301634))), password -> bear),188,OK,List(GroupBlock(List(login),1675360302374,833,OK)),io.gatling.core.protocol.ProtocolComponentsRegistry$$Lambda$550/0x000000080147d978@800404f)
=========================
HTTP request:
POST http://webtours.load-test.ru:1090/cgi-bin/login.pl
headers=
Accept: text/html,application/xhtml+xml,application/xml;q=0.9,image/avif,image/webp,*/*;q=0.8
Accept-Language: en-US,en;q=0.5
Referer: http://webtours.load-test.ru:1090/cgi-bin/nav.pl?in=home
accept-encoding: gzip, deflate
cookie: MSO=SID&1675360304
origin: http://webtours.load-test.ru:1090
host: webtours.load-test.ru:1090
content-type: application/x-www-form-urlencoded
content-length: 121
cookies=
MSO=SID&1675360304, path=/
formBody=
userSession: 135711.648764682zQiAzzHpQDDDDDDDtViitpAAHz
username: jojo
password: bear
login.x: 19
login.y: 11
JSFormSubmit: off
=========================
HTTP response:
status=
200 OK
headers= 
Date: Thu, 02 Feb 2023 17:51:46 GMT
Server: Apache/2.2.21 (Win32)
Expires: 5s
Transfer-Encoding: chunked
Content-Type: text/html; charset=ISO-8859-1

body=
<!--
User password was incorrect.  Prompt the user to fix password or sign-up...
--->

<html>
<title>Web Tours</title>
<frameset cols="160,*" border=1 frameborder=1>
<frame src="nav.pl?username=jojo&password=bear" name="navbar" marginheight="2" marginwidth="2" noresize="noresize" scrolling="auto"/>
<frame src="error.pl?error=badPassword" name="info" marginheight="2" marginwidth="2" noresize="noresize" scrolling="auto"/>
</frameset>

</body>
</html>
<<<<<<<<<<<<<<<<<<<<<<<<<
20:51:43.363 [TRACE] i.g.h.e.r.DefaultStatsProcessor - 
>>>>>>>>>>>>>>>>>>>>>>>>>>
Request:
/cgi-bin/login.pl: OK 
=========================
Session:
Session(mainScenario,5,1675360300555,Map(gatling.http.cache.baseUrl -> http://webtours.load-test.ru:1090, gatling.http.cache.dns -> io.gatling.http.cache.DnsCacheSupport$$anon$1@22b70bfe, gatling.http.cache.contentCache -> io.gatling.core.util.cache.Cache@85d5929, userSession -> 135711.648764682zQiAzzHpQDDDDDDDtViitpAAHz, gatling.http.ssl.sslContexts -> SslContexts(io.netty.handler.ssl.OpenSslClientContext@42f943bf,None), gatling.http.referer -> http://webtours.load-test.ru:1090/cgi-bin/login.pl, login -> nicklogin, gatling.http.cookies -> CookieJar(Map(CookieKey(mso,webtours.load-test.ru,/) -> StoredCookie(MSO=SID&1675360304, path=/,true,false,1675360301634))), password -> nickpassword),410,OK,List(GroupBlock(List(login),1675360302374,833,OK)),io.gatling.core.protocol.ProtocolComponentsRegistry$$Lambda$550/0x000000080147d978@800404f)
=========================
HTTP request:
POST http://webtours.load-test.ru:1090/cgi-bin/login.pl
headers=
Accept: text/html,application/xhtml+xml,application/xml;q=0.9,image/avif,image/webp,*/*;q=0.8
Accept-Language: en-US,en;q=0.5
Referer: http://webtours.load-test.ru:1090/cgi-bin/nav.pl?in=home
accept-encoding: gzip, deflate
cookie: MSO=SID&1675360304
origin: http://webtours.load-test.ru:1090
host: webtours.load-test.ru:1090
content-type: application/x-www-form-urlencoded
content-length: 134
cookies=
MSO=SID&1675360304, path=/
formBody=
userSession: 135711.648764682zQiAzzHpQDDDDDDDtViitpAAHz
username: nicklogin
password: nickpassword
login.x: 19
login.y: 11
JSFormSubmit: off
=========================
HTTP response:
status=
200 OK
headers= 
Date: Thu, 02 Feb 2023 17:51:46 GMT
Server: Apache/2.2.21 (Win32)
Expires: 5s
Transfer-Encoding: chunked
Content-Type: text/html; charset=ISO-8859-1

body=
<!--
User password was incorrect.  Prompt the user to fix password or sign-up...
--->

<html>
<title>Web Tours</title>
<frameset cols="160,*" border=1 frameborder=1>
<frame src="nav.pl?username=nicklogin&password=nickpassword" name="navbar" marginheight="2" marginwidth="2" noresize="noresize" scrolling="auto"/>
<frame src="error.pl?error=badPassword" name="info" marginheight="2" marginwidth="2" noresize="noresize" scrolling="auto"/>
</frameset>

</body>
</html>
<<<<<<<<<<<<<<<<<<<<<<<<<
20:51:43.364 [TRACE] i.g.h.e.r.DefaultStatsProcessor - 
>>>>>>>>>>>>>>>>>>>>>>>>>>
Request:
/cgi-bin/login.pl: OK 
=========================
Session:
Session(mainScenario,2,1675360300553,Map(gatling.http.cache.baseUrl -> http://webtours.load-test.ru:1090, gatling.http.cache.dns -> io.gatling.http.cache.DnsCacheSupport$$anon$1@22b70bfe, gatling.http.cache.contentCache -> io.gatling.core.util.cache.Cache@16ee14ca, userSession -> 135711.648764682zQiAzzHpQDDDDDDDtViitpAAHz, gatling.http.ssl.sslContexts -> SslContexts(io.netty.handler.ssl.OpenSslClientContext@11513e20,None), gatling.http.referer -> http://webtours.load-test.ru:1090/cgi-bin/login.pl, login -> jojo, gatling.http.cookies -> CookieJar(Map(CookieKey(mso,webtours.load-test.ru,/) -> StoredCookie(MSO=SID&1675360304, path=/,true,false,1675360301634))), password -> bear),325,OK,List(GroupBlock(List(login),1675360302374,834,OK)),io.gatling.core.protocol.ProtocolComponentsRegistry$$Lambda$550/0x000000080147d978@800404f)
=========================
HTTP request:
POST http://webtours.load-test.ru:1090/cgi-bin/login.pl
headers=
Accept: text/html,application/xhtml+xml,application/xml;q=0.9,image/avif,image/webp,*/*;q=0.8
Accept-Language: en-US,en;q=0.5
Referer: http://webtours.load-test.ru:1090/cgi-bin/nav.pl?in=home
accept-encoding: gzip, deflate
cookie: MSO=SID&1675360304
origin: http://webtours.load-test.ru:1090
host: webtours.load-test.ru:1090
content-type: application/x-www-form-urlencoded
content-length: 121
cookies=
MSO=SID&1675360304, path=/
formBody=
userSession: 135711.648764682zQiAzzHpQDDDDDDDtViitpAAHz
username: jojo
password: bear
login.x: 19
login.y: 11
JSFormSubmit: off
=========================
HTTP response:
status=
200 OK
headers= 
Date: Thu, 02 Feb 2023 17:51:46 GMT
Server: Apache/2.2.21 (Win32)
Expires: 5s
Transfer-Encoding: chunked
Content-Type: text/html; charset=ISO-8859-1

body=
<!--
User password was incorrect.  Prompt the user to fix password or sign-up...
--->

<html>
<title>Web Tours</title>
<frameset cols="160,*" border=1 frameborder=1>
<frame src="nav.pl?username=jojo&password=bear" name="navbar" marginheight="2" marginwidth="2" noresize="noresize" scrolling="auto"/>
<frame src="error.pl?error=badPassword" name="info" marginheight="2" marginwidth="2" noresize="noresize" scrolling="auto"/>
</frameset>

</body>
</html>
<<<<<<<<<<<<<<<<<<<<<<<<<
20:51:43.364 [TRACE] i.g.h.e.r.DefaultStatsProcessor - 
>>>>>>>>>>>>>>>>>>>>>>>>>>
Request:
/cgi-bin/login.pl: OK 
=========================
Session:
Session(mainScenario,3,1675360300554,Map(gatling.http.cache.baseUrl -> http://webtours.load-test.ru:1090, gatling.http.cache.dns -> io.gatling.http.cache.DnsCacheSupport$$anon$1@22b70bfe, gatling.http.cache.contentCache -> io.gatling.core.util.cache.Cache@669f7b5d, userSession -> 135711.648764682zQiAzzHpQDDDDDDDtViitpAAHz, gatling.http.ssl.sslContexts -> SslContexts(io.netty.handler.ssl.OpenSslClientContext@ea45220,None), gatling.http.referer -> http://webtours.load-test.ru:1090/cgi-bin/login.pl, login -> nicklogin, gatling.http.cookies -> CookieJar(Map(CookieKey(mso,webtours.load-test.ru,/) -> StoredCookie(MSO=SID&1675360304, path=/,true,false,1675360301634))), password -> nickpassword),334,OK,List(GroupBlock(List(login),1675360302374,834,OK)),io.gatling.core.protocol.ProtocolComponentsRegistry$$Lambda$550/0x000000080147d978@800404f)
=========================
HTTP request:
POST http://webtours.load-test.ru:1090/cgi-bin/login.pl
headers=
Accept: text/html,application/xhtml+xml,application/xml;q=0.9,image/avif,image/webp,*/*;q=0.8
Accept-Language: en-US,en;q=0.5
Referer: http://webtours.load-test.ru:1090/cgi-bin/nav.pl?in=home
accept-encoding: gzip, deflate
cookie: MSO=SID&1675360304
origin: http://webtours.load-test.ru:1090
host: webtours.load-test.ru:1090
content-type: application/x-www-form-urlencoded
content-length: 134
cookies=
MSO=SID&1675360304, path=/
formBody=
userSession: 135711.648764682zQiAzzHpQDDDDDDDtViitpAAHz
username: nicklogin
password: nickpassword
login.x: 19
login.y: 11
JSFormSubmit: off
=========================
HTTP response:
status=
200 OK
headers= 
Date: Thu, 02 Feb 2023 17:51:46 GMT
Server: Apache/2.2.21 (Win32)
Expires: 5s
Transfer-Encoding: chunked
Content-Type: text/html; charset=ISO-8859-1

body=
<!--
User password was incorrect.  Prompt the user to fix password or sign-up...
--->

<html>
<title>Web Tours</title>
<frameset cols="160,*" border=1 frameborder=1>
<frame src="nav.pl?username=nicklogin&password=nickpassword" name="navbar" marginheight="2" marginwidth="2" noresize="noresize" scrolling="auto"/>
<frame src="error.pl?error=badPassword" name="info" marginheight="2" marginwidth="2" noresize="noresize" scrolling="auto"/>
</frameset>

</body>
</html>
<<<<<<<<<<<<<<<<<<<<<<<<<
20:51:43.364 [TRACE] i.g.h.e.r.DefaultStatsProcessor - 
>>>>>>>>>>>>>>>>>>>>>>>>>>
Request:
/cgi-bin/login.pl: OK 
=========================
Session:
Session(mainScenario,1,1675360300548,Map(gatling.http.cache.baseUrl -> http://webtours.load-test.ru:1090, gatling.http.cache.dns -> io.gatling.http.cache.DnsCacheSupport$$anon$1@22b70bfe, gatling.http.cache.contentCache -> io.gatling.core.util.cache.Cache@35f9e460, userSession -> 135711.648764682zQiAzzHpQDDDDDDDtViitpAAHz, gatling.http.ssl.sslContexts -> SslContexts(io.netty.handler.ssl.OpenSslClientContext@4451edd2,None), gatling.http.referer -> http://webtours.load-test.ru:1090/cgi-bin/login.pl, login -> nicklogin, gatling.http.cookies -> CookieJar(Map(CookieKey(mso,webtours.load-test.ru,/) -> StoredCookie(MSO=SID&1675360304, path=/,true,false,1675360301634))), password -> nickpassword),410,OK,List(GroupBlock(List(login),1675360302374,832,OK)),io.gatling.core.protocol.ProtocolComponentsRegistry$$Lambda$550/0x000000080147d978@800404f)
=========================
HTTP request:
POST http://webtours.load-test.ru:1090/cgi-bin/login.pl
headers=
Accept: text/html,application/xhtml+xml,application/xml;q=0.9,image/avif,image/webp,*/*;q=0.8
Accept-Language: en-US,en;q=0.5
Referer: http://webtours.load-test.ru:1090/cgi-bin/nav.pl?in=home
accept-encoding: gzip, deflate
cookie: MSO=SID&1675360304
origin: http://webtours.load-test.ru:1090
host: webtours.load-test.ru:1090
content-type: application/x-www-form-urlencoded
content-length: 134
cookies=
MSO=SID&1675360304, path=/
formBody=
userSession: 135711.648764682zQiAzzHpQDDDDDDDtViitpAAHz
username: nicklogin
password: nickpassword
login.x: 19
login.y: 11
JSFormSubmit: off
=========================
HTTP response:
status=
200 OK
headers= 
Date: Thu, 02 Feb 2023 17:51:46 GMT
Server: Apache/2.2.21 (Win32)
Expires: 5s
Transfer-Encoding: chunked
Content-Type: text/html; charset=ISO-8859-1

body=
<!--
User password was incorrect.  Prompt the user to fix password or sign-up...
--->

<html>
<title>Web Tours</title>
<frameset cols="160,*" border=1 frameborder=1>
<frame src="nav.pl?username=nicklogin&password=nickpassword" name="navbar" marginheight="2" marginwidth="2" noresize="noresize" scrolling="auto"/>
<frame src="error.pl?error=badPassword" name="info" marginheight="2" marginwidth="2" noresize="noresize" scrolling="auto"/>
</frameset>

</body>
</html>
<<<<<<<<<<<<<<<<<<<<<<<<<
